<?xml version="1.0" encoding="UTF-8"?>
<testng-results ignored="0" total="23" passed="23" failed="0" skipped="0">
  <reporter-output>
  </reporter-output>
  <suite started-at="2025-02-19T12:33:01 IST" name="Contact List App Suite" finished-at="2025-02-19T12:35:39 IST" duration-ms="157826">
    <groups>
      <group name="Signup">
        <method signature="SignUpTest.testSignUpBtnVisibility()[pri:1, instance:test.SignUpTest@48b67364]" name="testSignUpBtnVisibility" class="test.SignUpTest"/>
        <method signature="SignUpTest.testSignUpBtnClickability()[pri:2, instance:test.SignUpTest@48b67364]" name="testSignUpBtnClickability" class="test.SignUpTest"/>
        <method signature="SignUpTest.testHomePageRedirectsToAddUserPage()[pri:3, instance:test.SignUpTest@48b67364]" name="testHomePageRedirectsToAddUserPage" class="test.SignUpTest"/>
      </group> <!-- Signup -->
      <group name="Edit Contact">
        <method signature="ContactsEditingTest.testRedirectsToContactDetailsPage()[pri:0, instance:test.ContactsEditingTest@6b6776cb]" name="testRedirectsToContactDetailsPage" class="test.ContactsEditingTest"/>
        <method signature="ContactsEditingTest.testEditContactDetails()[pri:2, instance:test.ContactsEditingTest@6b6776cb]" name="testEditContactDetails" class="test.ContactsEditingTest"/>
        <method signature="ContactsEditingTest.testFieldChangesDontAffectOtherFields()[pri:3, instance:test.ContactsEditingTest@6b6776cb]" name="testFieldChangesDontAffectOtherFields" class="test.ContactsEditingTest"/>
        <method signature="ContactsEditingTest.verifySaveWithEmptyFields()[pri:4, instance:test.ContactsEditingTest@6b6776cb]" name="verifySaveWithEmptyFields" class="test.ContactsEditingTest"/>
      </group> <!-- Edit Contact -->
      <group name="Contact Display">
        <method signature="ContactDisplayTest.testContactDetailsDisplayedCorrectly()[pri:1, instance:test.ContactDisplayTest@1863d2fe]" name="testContactDetailsDisplayedCorrectly" class="test.ContactDisplayTest"/>
        <method signature="ContactDisplayTest.testContactsSortedByLastName()[pri:2, instance:test.ContactDisplayTest@1863d2fe]" name="testContactsSortedByLastName" class="test.ContactDisplayTest"/>
        <method signature="ContactDisplayTest.testPhoneNumberDisplay()[pri:3, instance:test.ContactDisplayTest@1863d2fe]" name="testPhoneNumberDisplay" class="test.ContactDisplayTest"/>
      </group> <!-- Contact Display -->
      <group name="Logout">
        <method signature="LogoutTest.testLogoutButtonIsVisible()[pri:1, instance:test.LogoutTest@544d57e]" name="testLogoutButtonIsVisible" class="test.LogoutTest"/>
        <method signature="LogoutTest.testLogoutRedirectsToLoginPage()[pri:2, instance:test.LogoutTest@544d57e]" name="testLogoutRedirectsToLoginPage" class="test.LogoutTest"/>
      </group> <!-- Logout -->
      <group name="Login">
        <method signature="LoginTest.testLoginButtonVisibility()[pri:1, instance:test.LoginTest@43599640]" name="testLoginButtonVisibility" class="test.LoginTest"/>
        <method signature="LoginTest.testLoginButtonClickability()[pri:2, instance:test.LoginTest@43599640]" name="testLoginButtonClickability" class="test.LoginTest"/>
        <method signature="LoginTest.verifyInvalidLogin()[pri:3, instance:test.LoginTest@43599640]" name="verifyInvalidLogin" class="test.LoginTest"/>
        <method signature="LoginTest.verifyValidLogin()[pri:4, instance:test.LoginTest@43599640]" name="verifyValidLogin" class="test.LoginTest"/>
      </group> <!-- Login -->
      <group name="Contact Delete">
        <method signature="ContactDeletionTest.testDeleteContactShowsConfirmationAlert()[pri:1, instance:test.ContactDeletionTest@1787bc24]" name="testDeleteContactShowsConfirmationAlert" class="test.ContactDeletionTest"/>
        <method signature="ContactDeletionTest.testDeleteSingleContact()[pri:2, instance:test.ContactDeletionTest@1787bc24]" name="testDeleteSingleContact" class="test.ContactDeletionTest"/>
        <method signature="ContactDeletionTest.testDeleteContactDoesNotAffectOtherContacts()[pri:3, instance:test.ContactDeletionTest@1787bc24]" name="testDeleteContactDoesNotAffectOtherContacts" class="test.ContactDeletionTest"/>
      </group> <!-- Contact Delete -->
      <group name="Contact">
        <method signature="ContactTests.testAddContactWithMandatoryFields()[pri:1, instance:test.ContactTests@1f81aa00]" name="testAddContactWithMandatoryFields" class="test.ContactTests"/>
        <method signature="ContactTests.testAddContactWithoutMandatoryFields()[pri:2, instance:test.ContactTests@1f81aa00]" name="testAddContactWithoutMandatoryFields" class="test.ContactTests"/>
        <method signature="ContactTests.testAddDuplicateContact()[pri:3, instance:test.ContactTests@1f81aa00]" name="testAddDuplicateContact" class="test.ContactTests"/>
        <method signature="ContactTests.testInvalidBirthDateFormat()[pri:4, instance:test.ContactTests@1f81aa00]" name="testInvalidBirthDateFormat" class="test.ContactTests"/>
      </group> <!-- Contact -->
    </groups>
    <test started-at="2025-02-19T12:33:01 IST" name="ChromeTest" finished-at="2025-02-19T12:35:39 IST" duration-ms="157826">
      <class name="test.ContactDisplayTest">
        <test-method is-config="true" signature="launchBrowser(java.lang.String,java.lang.String)[pri:0, instance:test.ContactDisplayTest@1863d2fe]" started-at="2025-02-19T12:34:44 IST" name="launchBrowser" finished-at="2025-02-19T12:34:48 IST" duration-ms="3409" status="PASS">
          <params>
            <param index="0">
              <value>
                <![CDATA[Chrome]]>
              </value>
            </param>
            <param index="1">
              <value>
                <![CDATA[https://thinking-tester-contact-list.herokuapp.com/]]>
              </value>
            </param>
          </params>
          <reporter-output>
          </reporter-output>
        </test-method> <!-- launchBrowser -->
        <test-method is-config="true" signature="setUp()[pri:0, instance:test.ContactDisplayTest@1863d2fe]" started-at="2025-02-19T12:34:48 IST" name="setUp" finished-at="2025-02-19T12:34:48 IST" duration-ms="355" status="PASS">
          <reporter-output>
          </reporter-output>
        </test-method> <!-- setUp -->
        <test-method signature="testContactDetailsDisplayedCorrectly()[pri:1, instance:test.ContactDisplayTest@1863d2fe]" started-at="2025-02-19T12:34:48 IST" name="testContactDetailsDisplayedCorrectly" finished-at="2025-02-19T12:34:52 IST" duration-ms="4153" status="PASS">
          <reporter-output>
          </reporter-output>
        </test-method> <!-- testContactDetailsDisplayedCorrectly -->
        <test-method is-config="true" signature="close()[pri:0, instance:test.ContactDisplayTest@1863d2fe]" started-at="2025-02-19T12:34:52 IST" name="close" finished-at="2025-02-19T12:34:52 IST" duration-ms="90" status="PASS">
          <reporter-output>
          </reporter-output>
        </test-method> <!-- close -->
        <test-method is-config="true" signature="launchBrowser(java.lang.String,java.lang.String)[pri:0, instance:test.ContactDisplayTest@1863d2fe]" started-at="2025-02-19T12:34:52 IST" name="launchBrowser" finished-at="2025-02-19T12:34:57 IST" duration-ms="4362" status="PASS">
          <params>
            <param index="0">
              <value>
                <![CDATA[Chrome]]>
              </value>
            </param>
            <param index="1">
              <value>
                <![CDATA[https://thinking-tester-contact-list.herokuapp.com/]]>
              </value>
            </param>
          </params>
          <reporter-output>
          </reporter-output>
        </test-method> <!-- launchBrowser -->
        <test-method is-config="true" signature="setUp()[pri:0, instance:test.ContactDisplayTest@1863d2fe]" started-at="2025-02-19T12:34:57 IST" name="setUp" finished-at="2025-02-19T12:34:57 IST" duration-ms="345" status="PASS">
          <reporter-output>
          </reporter-output>
        </test-method> <!-- setUp -->
        <test-method signature="testContactsSortedByLastName()[pri:2, instance:test.ContactDisplayTest@1863d2fe]" started-at="2025-02-19T12:34:57 IST" name="testContactsSortedByLastName" finished-at="2025-02-19T12:34:59 IST" duration-ms="1508" status="PASS">
          <reporter-output>
          </reporter-output>
        </test-method> <!-- testContactsSortedByLastName -->
        <test-method is-config="true" signature="close()[pri:0, instance:test.ContactDisplayTest@1863d2fe]" started-at="2025-02-19T12:34:59 IST" name="close" finished-at="2025-02-19T12:34:59 IST" duration-ms="83" status="PASS">
          <reporter-output>
          </reporter-output>
        </test-method> <!-- close -->
        <test-method is-config="true" signature="launchBrowser(java.lang.String,java.lang.String)[pri:0, instance:test.ContactDisplayTest@1863d2fe]" started-at="2025-02-19T12:34:59 IST" name="launchBrowser" finished-at="2025-02-19T12:35:02 IST" duration-ms="3528" status="PASS">
          <params>
            <param index="0">
              <value>
                <![CDATA[Chrome]]>
              </value>
            </param>
            <param index="1">
              <value>
                <![CDATA[https://thinking-tester-contact-list.herokuapp.com/]]>
              </value>
            </param>
          </params>
          <reporter-output>
          </reporter-output>
        </test-method> <!-- launchBrowser -->
        <test-method is-config="true" signature="setUp()[pri:0, instance:test.ContactDisplayTest@1863d2fe]" started-at="2025-02-19T12:35:02 IST" name="setUp" finished-at="2025-02-19T12:35:03 IST" duration-ms="354" status="PASS">
          <reporter-output>
          </reporter-output>
        </test-method> <!-- setUp -->
        <test-method signature="testPhoneNumberDisplay()[pri:3, instance:test.ContactDisplayTest@1863d2fe]" started-at="2025-02-19T12:35:03 IST" name="testPhoneNumberDisplay" finished-at="2025-02-19T12:35:05 IST" duration-ms="2561" status="PASS">
          <reporter-output>
          </reporter-output>
        </test-method> <!-- testPhoneNumberDisplay -->
        <test-method is-config="true" signature="close()[pri:0, instance:test.ContactDisplayTest@1863d2fe]" started-at="2025-02-19T12:35:05 IST" name="close" finished-at="2025-02-19T12:35:05 IST" duration-ms="173" status="PASS">
          <reporter-output>
          </reporter-output>
        </test-method> <!-- close -->
      </class> <!-- test.ContactDisplayTest -->
      <class name="test.SignUpTest">
        <test-method is-config="true" signature="launchBrowser(java.lang.String,java.lang.String)[pri:0, instance:test.SignUpTest@48b67364]" started-at="2025-02-19T12:33:01 IST" name="launchBrowser" finished-at="2025-02-19T12:33:05 IST" duration-ms="4649" status="PASS">
          <params>
            <param index="0">
              <value>
                <![CDATA[Chrome]]>
              </value>
            </param>
            <param index="1">
              <value>
                <![CDATA[https://thinking-tester-contact-list.herokuapp.com/]]>
              </value>
            </param>
          </params>
          <reporter-output>
          </reporter-output>
        </test-method> <!-- launchBrowser -->
        <test-method is-config="true" signature="setup()[pri:0, instance:test.SignUpTest@48b67364]" started-at="2025-02-19T12:33:05 IST" name="setup" finished-at="2025-02-19T12:33:05 IST" duration-ms="28" status="PASS">
          <reporter-output>
          </reporter-output>
        </test-method> <!-- setup -->
        <test-method signature="testSignUpBtnVisibility()[pri:1, instance:test.SignUpTest@48b67364]" started-at="2025-02-19T12:33:05 IST" name="testSignUpBtnVisibility" finished-at="2025-02-19T12:33:06 IST" duration-ms="52" status="PASS">
          <reporter-output>
          </reporter-output>
        </test-method> <!-- testSignUpBtnVisibility -->
        <test-method is-config="true" signature="close()[pri:0, instance:test.SignUpTest@48b67364]" started-at="2025-02-19T12:33:06 IST" name="close" finished-at="2025-02-19T12:33:06 IST" duration-ms="111" status="PASS">
          <reporter-output>
          </reporter-output>
        </test-method> <!-- close -->
        <test-method is-config="true" signature="launchBrowser(java.lang.String,java.lang.String)[pri:0, instance:test.SignUpTest@48b67364]" started-at="2025-02-19T12:33:06 IST" name="launchBrowser" finished-at="2025-02-19T12:33:09 IST" duration-ms="3225" status="PASS">
          <params>
            <param index="0">
              <value>
                <![CDATA[Chrome]]>
              </value>
            </param>
            <param index="1">
              <value>
                <![CDATA[https://thinking-tester-contact-list.herokuapp.com/]]>
              </value>
            </param>
          </params>
          <reporter-output>
          </reporter-output>
        </test-method> <!-- launchBrowser -->
        <test-method signature="testSignUpBtnClickability()[pri:2, instance:test.SignUpTest@48b67364]" started-at="2025-02-19T12:33:09 IST" name="testSignUpBtnClickability" finished-at="2025-02-19T12:33:09 IST" duration-ms="32" status="PASS">
          <reporter-output>
          </reporter-output>
        </test-method> <!-- testSignUpBtnClickability -->
        <test-method is-config="true" signature="setup()[pri:0, instance:test.SignUpTest@48b67364]" started-at="2025-02-19T12:33:09 IST" name="setup" finished-at="2025-02-19T12:33:09 IST" duration-ms="0" status="PASS">
          <reporter-output>
          </reporter-output>
        </test-method> <!-- setup -->
        <test-method is-config="true" signature="close()[pri:0, instance:test.SignUpTest@48b67364]" started-at="2025-02-19T12:33:09 IST" name="close" finished-at="2025-02-19T12:33:09 IST" duration-ms="104" status="PASS">
          <reporter-output>
          </reporter-output>
        </test-method> <!-- close -->
        <test-method is-config="true" signature="launchBrowser(java.lang.String,java.lang.String)[pri:0, instance:test.SignUpTest@48b67364]" started-at="2025-02-19T12:33:09 IST" name="launchBrowser" finished-at="2025-02-19T12:33:12 IST" duration-ms="3362" status="PASS">
          <params>
            <param index="0">
              <value>
                <![CDATA[Chrome]]>
              </value>
            </param>
            <param index="1">
              <value>
                <![CDATA[https://thinking-tester-contact-list.herokuapp.com/]]>
              </value>
            </param>
          </params>
          <reporter-output>
          </reporter-output>
        </test-method> <!-- launchBrowser -->
        <test-method is-config="true" signature="setup()[pri:0, instance:test.SignUpTest@48b67364]" started-at="2025-02-19T12:33:12 IST" name="setup" finished-at="2025-02-19T12:33:12 IST" duration-ms="1" status="PASS">
          <reporter-output>
          </reporter-output>
        </test-method> <!-- setup -->
        <test-method signature="testHomePageRedirectsToAddUserPage()[pri:3, instance:test.SignUpTest@48b67364]" started-at="2025-02-19T12:33:12 IST" name="testHomePageRedirectsToAddUserPage" finished-at="2025-02-19T12:33:13 IST" duration-ms="764" status="PASS">
          <reporter-output>
          </reporter-output>
        </test-method> <!-- testHomePageRedirectsToAddUserPage -->
        <test-method is-config="true" signature="close()[pri:0, instance:test.SignUpTest@48b67364]" started-at="2025-02-19T12:33:13 IST" name="close" finished-at="2025-02-19T12:33:13 IST" duration-ms="58" status="PASS">
          <reporter-output>
          </reporter-output>
        </test-method> <!-- close -->
      </class> <!-- test.SignUpTest -->
      <class name="test.LoginTest">
        <test-method is-config="true" signature="launchBrowser(java.lang.String,java.lang.String)[pri:0, instance:test.LoginTest@43599640]" started-at="2025-02-19T12:33:13 IST" name="launchBrowser" finished-at="2025-02-19T12:33:17 IST" duration-ms="3424" status="PASS">
          <params>
            <param index="0">
              <value>
                <![CDATA[Chrome]]>
              </value>
            </param>
            <param index="1">
              <value>
                <![CDATA[https://thinking-tester-contact-list.herokuapp.com/]]>
              </value>
            </param>
          </params>
          <reporter-output>
          </reporter-output>
        </test-method> <!-- launchBrowser -->
        <test-method is-config="true" signature="setup()[pri:0, instance:test.LoginTest@43599640]" started-at="2025-02-19T12:33:17 IST" name="setup" finished-at="2025-02-19T12:33:17 IST" duration-ms="1" status="PASS">
          <reporter-output>
          </reporter-output>
        </test-method> <!-- setup -->
        <test-method signature="testLoginButtonVisibility()[pri:1, instance:test.LoginTest@43599640]" started-at="2025-02-19T12:33:17 IST" name="testLoginButtonVisibility" finished-at="2025-02-19T12:33:17 IST" duration-ms="39" status="PASS">
          <reporter-output>
          </reporter-output>
        </test-method> <!-- testLoginButtonVisibility -->
        <test-method is-config="true" signature="close()[pri:0, instance:test.LoginTest@43599640]" started-at="2025-02-19T12:33:17 IST" name="close" finished-at="2025-02-19T12:33:17 IST" duration-ms="81" status="PASS">
          <reporter-output>
          </reporter-output>
        </test-method> <!-- close -->
        <test-method is-config="true" signature="launchBrowser(java.lang.String,java.lang.String)[pri:0, instance:test.LoginTest@43599640]" started-at="2025-02-19T12:33:17 IST" name="launchBrowser" finished-at="2025-02-19T12:33:20 IST" duration-ms="2945" status="PASS">
          <params>
            <param index="0">
              <value>
                <![CDATA[Chrome]]>
              </value>
            </param>
            <param index="1">
              <value>
                <![CDATA[https://thinking-tester-contact-list.herokuapp.com/]]>
              </value>
            </param>
          </params>
          <reporter-output>
          </reporter-output>
        </test-method> <!-- launchBrowser -->
        <test-method is-config="true" signature="setup()[pri:0, instance:test.LoginTest@43599640]" started-at="2025-02-19T12:33:20 IST" name="setup" finished-at="2025-02-19T12:33:20 IST" duration-ms="0" status="PASS">
          <reporter-output>
          </reporter-output>
        </test-method> <!-- setup -->
        <test-method signature="testLoginButtonClickability()[pri:2, instance:test.LoginTest@43599640]" started-at="2025-02-19T12:33:20 IST" name="testLoginButtonClickability" finished-at="2025-02-19T12:33:20 IST" duration-ms="81" status="PASS">
          <reporter-output>
          </reporter-output>
        </test-method> <!-- testLoginButtonClickability -->
        <test-method is-config="true" signature="close()[pri:0, instance:test.LoginTest@43599640]" started-at="2025-02-19T12:33:20 IST" name="close" finished-at="2025-02-19T12:33:20 IST" duration-ms="59" status="PASS">
          <reporter-output>
          </reporter-output>
        </test-method> <!-- close -->
        <test-method is-config="true" signature="launchBrowser(java.lang.String,java.lang.String)[pri:0, instance:test.LoginTest@43599640]" started-at="2025-02-19T12:33:20 IST" name="launchBrowser" finished-at="2025-02-19T12:33:23 IST" duration-ms="3533" status="PASS">
          <params>
            <param index="0">
              <value>
                <![CDATA[Chrome]]>
              </value>
            </param>
            <param index="1">
              <value>
                <![CDATA[https://thinking-tester-contact-list.herokuapp.com/]]>
              </value>
            </param>
          </params>
          <reporter-output>
          </reporter-output>
        </test-method> <!-- launchBrowser -->
        <test-method signature="verifyInvalidLogin()[pri:3, instance:test.LoginTest@43599640]" started-at="2025-02-19T12:33:23 IST" name="verifyInvalidLogin" finished-at="2025-02-19T12:33:24 IST" duration-ms="950" status="PASS">
          <reporter-output>
          </reporter-output>
        </test-method> <!-- verifyInvalidLogin -->
        <test-method is-config="true" signature="setup()[pri:0, instance:test.LoginTest@43599640]" started-at="2025-02-19T12:33:23 IST" name="setup" finished-at="2025-02-19T12:33:23 IST" duration-ms="0" status="PASS">
          <reporter-output>
          </reporter-output>
        </test-method> <!-- setup -->
        <test-method is-config="true" signature="close()[pri:0, instance:test.LoginTest@43599640]" started-at="2025-02-19T12:33:24 IST" name="close" finished-at="2025-02-19T12:33:24 IST" duration-ms="57" status="PASS">
          <reporter-output>
          </reporter-output>
        </test-method> <!-- close -->
        <test-method is-config="true" signature="launchBrowser(java.lang.String,java.lang.String)[pri:0, instance:test.LoginTest@43599640]" started-at="2025-02-19T12:33:24 IST" name="launchBrowser" finished-at="2025-02-19T12:33:27 IST" duration-ms="2991" status="PASS">
          <params>
            <param index="0">
              <value>
                <![CDATA[Chrome]]>
              </value>
            </param>
            <param index="1">
              <value>
                <![CDATA[https://thinking-tester-contact-list.herokuapp.com/]]>
              </value>
            </param>
          </params>
          <reporter-output>
          </reporter-output>
        </test-method> <!-- launchBrowser -->
        <test-method is-config="true" signature="setup()[pri:0, instance:test.LoginTest@43599640]" started-at="2025-02-19T12:33:27 IST" name="setup" finished-at="2025-02-19T12:33:27 IST" duration-ms="0" status="PASS">
          <reporter-output>
          </reporter-output>
        </test-method> <!-- setup -->
        <test-method signature="verifyValidLogin()[pri:4, instance:test.LoginTest@43599640]" started-at="2025-02-19T12:33:27 IST" name="verifyValidLogin" finished-at="2025-02-19T12:33:30 IST" duration-ms="2399" status="PASS">
          <reporter-output>
          </reporter-output>
        </test-method> <!-- verifyValidLogin -->
        <test-method is-config="true" signature="close()[pri:0, instance:test.LoginTest@43599640]" started-at="2025-02-19T12:33:30 IST" name="close" finished-at="2025-02-19T12:33:30 IST" duration-ms="62" status="PASS">
          <reporter-output>
          </reporter-output>
        </test-method> <!-- close -->
      </class> <!-- test.LoginTest -->
      <class name="test.ContactTests">
        <test-method is-config="true" signature="launchBrowser(java.lang.String,java.lang.String)[pri:0, instance:test.ContactTests@1f81aa00]" started-at="2025-02-19T12:33:30 IST" name="launchBrowser" finished-at="2025-02-19T12:33:33 IST" duration-ms="3305" status="PASS">
          <params>
            <param index="0">
              <value>
                <![CDATA[Chrome]]>
              </value>
            </param>
            <param index="1">
              <value>
                <![CDATA[https://thinking-tester-contact-list.herokuapp.com/]]>
              </value>
            </param>
          </params>
          <reporter-output>
          </reporter-output>
        </test-method> <!-- launchBrowser -->
        <test-method is-config="true" signature="setUp()[pri:0, instance:test.ContactTests@1f81aa00]" started-at="2025-02-19T12:33:33 IST" name="setUp" finished-at="2025-02-19T12:33:34 IST" duration-ms="411" status="PASS">
          <reporter-output>
          </reporter-output>
        </test-method> <!-- setUp -->
        <test-method signature="testAddContactWithMandatoryFields()[pri:1, instance:test.ContactTests@1f81aa00]" started-at="2025-02-19T12:33:34 IST" name="testAddContactWithMandatoryFields" finished-at="2025-02-19T12:33:38 IST" duration-ms="4439" status="PASS">
          <reporter-output>
          </reporter-output>
        </test-method> <!-- testAddContactWithMandatoryFields -->
        <test-method is-config="true" signature="close()[pri:0, instance:test.ContactTests@1f81aa00]" started-at="2025-02-19T12:33:38 IST" name="close" finished-at="2025-02-19T12:33:38 IST" duration-ms="95" status="PASS">
          <reporter-output>
          </reporter-output>
        </test-method> <!-- close -->
        <test-method is-config="true" signature="launchBrowser(java.lang.String,java.lang.String)[pri:0, instance:test.ContactTests@1f81aa00]" started-at="2025-02-19T12:33:38 IST" name="launchBrowser" finished-at="2025-02-19T12:33:41 IST" duration-ms="3281" status="PASS">
          <params>
            <param index="0">
              <value>
                <![CDATA[Chrome]]>
              </value>
            </param>
            <param index="1">
              <value>
                <![CDATA[https://thinking-tester-contact-list.herokuapp.com/]]>
              </value>
            </param>
          </params>
          <reporter-output>
          </reporter-output>
        </test-method> <!-- launchBrowser -->
        <test-method is-config="true" signature="setUp()[pri:0, instance:test.ContactTests@1f81aa00]" started-at="2025-02-19T12:33:41 IST" name="setUp" finished-at="2025-02-19T12:33:42 IST" duration-ms="365" status="PASS">
          <reporter-output>
          </reporter-output>
        </test-method> <!-- setUp -->
        <test-method signature="testAddContactWithoutMandatoryFields()[pri:2, instance:test.ContactTests@1f81aa00]" started-at="2025-02-19T12:33:42 IST" name="testAddContactWithoutMandatoryFields" finished-at="2025-02-19T12:33:46 IST" duration-ms="3780" status="PASS">
          <reporter-output>
          </reporter-output>
        </test-method> <!-- testAddContactWithoutMandatoryFields -->
        <test-method is-config="true" signature="close()[pri:0, instance:test.ContactTests@1f81aa00]" started-at="2025-02-19T12:33:46 IST" name="close" finished-at="2025-02-19T12:33:46 IST" duration-ms="65" status="PASS">
          <reporter-output>
          </reporter-output>
        </test-method> <!-- close -->
        <test-method is-config="true" signature="launchBrowser(java.lang.String,java.lang.String)[pri:0, instance:test.ContactTests@1f81aa00]" started-at="2025-02-19T12:33:46 IST" name="launchBrowser" finished-at="2025-02-19T12:33:49 IST" duration-ms="3087" status="PASS">
          <params>
            <param index="0">
              <value>
                <![CDATA[Chrome]]>
              </value>
            </param>
            <param index="1">
              <value>
                <![CDATA[https://thinking-tester-contact-list.herokuapp.com/]]>
              </value>
            </param>
          </params>
          <reporter-output>
          </reporter-output>
        </test-method> <!-- launchBrowser -->
        <test-method is-config="true" signature="setUp()[pri:0, instance:test.ContactTests@1f81aa00]" started-at="2025-02-19T12:33:49 IST" name="setUp" finished-at="2025-02-19T12:33:49 IST" duration-ms="356" status="PASS">
          <reporter-output>
          </reporter-output>
        </test-method> <!-- setUp -->
        <test-method signature="testAddDuplicateContact()[pri:3, instance:test.ContactTests@1f81aa00]" started-at="2025-02-19T12:33:49 IST" name="testAddDuplicateContact" finished-at="2025-02-19T12:33:58 IST" duration-ms="8657" status="PASS">
          <reporter-output>
          </reporter-output>
        </test-method> <!-- testAddDuplicateContact -->
        <test-method is-config="true" signature="close()[pri:0, instance:test.ContactTests@1f81aa00]" started-at="2025-02-19T12:33:58 IST" name="close" finished-at="2025-02-19T12:33:58 IST" duration-ms="48" status="PASS">
          <reporter-output>
          </reporter-output>
        </test-method> <!-- close -->
        <test-method is-config="true" signature="launchBrowser(java.lang.String,java.lang.String)[pri:0, instance:test.ContactTests@1f81aa00]" started-at="2025-02-19T12:33:58 IST" name="launchBrowser" finished-at="2025-02-19T12:34:02 IST" duration-ms="4218" status="PASS">
          <params>
            <param index="0">
              <value>
                <![CDATA[Chrome]]>
              </value>
            </param>
            <param index="1">
              <value>
                <![CDATA[https://thinking-tester-contact-list.herokuapp.com/]]>
              </value>
            </param>
          </params>
          <reporter-output>
          </reporter-output>
        </test-method> <!-- launchBrowser -->
        <test-method is-config="true" signature="setUp()[pri:0, instance:test.ContactTests@1f81aa00]" started-at="2025-02-19T12:34:02 IST" name="setUp" finished-at="2025-02-19T12:34:02 IST" duration-ms="379" status="PASS">
          <reporter-output>
          </reporter-output>
        </test-method> <!-- setUp -->
        <test-method signature="testInvalidBirthDateFormat()[pri:4, instance:test.ContactTests@1f81aa00]" started-at="2025-02-19T12:34:02 IST" name="testInvalidBirthDateFormat" finished-at="2025-02-19T12:34:06 IST" duration-ms="3738" status="PASS">
          <reporter-output>
          </reporter-output>
        </test-method> <!-- testInvalidBirthDateFormat -->
        <test-method is-config="true" signature="close()[pri:0, instance:test.ContactTests@1f81aa00]" started-at="2025-02-19T12:34:06 IST" name="close" finished-at="2025-02-19T12:34:06 IST" duration-ms="86" status="PASS">
          <reporter-output>
          </reporter-output>
        </test-method> <!-- close -->
      </class> <!-- test.ContactTests -->
      <class name="test.ContactDeletionTest">
        <test-method is-config="true" signature="launchBrowser(java.lang.String,java.lang.String)[pri:0, instance:test.ContactDeletionTest@1787bc24]" started-at="2025-02-19T12:35:05 IST" name="launchBrowser" finished-at="2025-02-19T12:35:09 IST" duration-ms="3319" status="PASS">
          <params>
            <param index="0">
              <value>
                <![CDATA[Chrome]]>
              </value>
            </param>
            <param index="1">
              <value>
                <![CDATA[https://thinking-tester-contact-list.herokuapp.com/]]>
              </value>
            </param>
          </params>
          <reporter-output>
          </reporter-output>
        </test-method> <!-- launchBrowser -->
        <test-method is-config="true" signature="setUp()[pri:0, instance:test.ContactDeletionTest@1787bc24]" started-at="2025-02-19T12:35:09 IST" name="setUp" finished-at="2025-02-19T12:35:09 IST" duration-ms="348" status="PASS">
          <reporter-output>
          </reporter-output>
        </test-method> <!-- setUp -->
        <test-method signature="testDeleteContactShowsConfirmationAlert()[pri:1, instance:test.ContactDeletionTest@1787bc24]" started-at="2025-02-19T12:35:09 IST" name="testDeleteContactShowsConfirmationAlert" finished-at="2025-02-19T12:35:11 IST" duration-ms="2168" status="PASS">
          <reporter-output>
          </reporter-output>
        </test-method> <!-- testDeleteContactShowsConfirmationAlert -->
        <test-method is-config="true" signature="close()[pri:0, instance:test.ContactDeletionTest@1787bc24]" started-at="2025-02-19T12:35:11 IST" name="close" finished-at="2025-02-19T12:35:11 IST" duration-ms="59" status="PASS">
          <reporter-output>
          </reporter-output>
        </test-method> <!-- close -->
        <test-method is-config="true" signature="launchBrowser(java.lang.String,java.lang.String)[pri:0, instance:test.ContactDeletionTest@1787bc24]" started-at="2025-02-19T12:35:11 IST" name="launchBrowser" finished-at="2025-02-19T12:35:15 IST" duration-ms="3451" status="PASS">
          <params>
            <param index="0">
              <value>
                <![CDATA[Chrome]]>
              </value>
            </param>
            <param index="1">
              <value>
                <![CDATA[https://thinking-tester-contact-list.herokuapp.com/]]>
              </value>
            </param>
          </params>
          <reporter-output>
          </reporter-output>
        </test-method> <!-- launchBrowser -->
        <test-method is-config="true" signature="setUp()[pri:0, instance:test.ContactDeletionTest@1787bc24]" started-at="2025-02-19T12:35:15 IST" name="setUp" finished-at="2025-02-19T12:35:15 IST" duration-ms="351" status="PASS">
          <reporter-output>
          </reporter-output>
        </test-method> <!-- setUp -->
        <test-method signature="testDeleteSingleContact()[pri:2, instance:test.ContactDeletionTest@1787bc24]" started-at="2025-02-19T12:35:15 IST" name="testDeleteSingleContact" finished-at="2025-02-19T12:35:20 IST" duration-ms="4833" status="PASS">
          <reporter-output>
          </reporter-output>
        </test-method> <!-- testDeleteSingleContact -->
        <test-method is-config="true" signature="close()[pri:0, instance:test.ContactDeletionTest@1787bc24]" started-at="2025-02-19T12:35:20 IST" name="close" finished-at="2025-02-19T12:35:20 IST" duration-ms="68" status="PASS">
          <reporter-output>
          </reporter-output>
        </test-method> <!-- close -->
        <test-method is-config="true" signature="launchBrowser(java.lang.String,java.lang.String)[pri:0, instance:test.ContactDeletionTest@1787bc24]" started-at="2025-02-19T12:35:20 IST" name="launchBrowser" finished-at="2025-02-19T12:35:23 IST" duration-ms="3034" status="PASS">
          <params>
            <param index="0">
              <value>
                <![CDATA[Chrome]]>
              </value>
            </param>
            <param index="1">
              <value>
                <![CDATA[https://thinking-tester-contact-list.herokuapp.com/]]>
              </value>
            </param>
          </params>
          <reporter-output>
          </reporter-output>
        </test-method> <!-- launchBrowser -->
        <test-method is-config="true" signature="setUp()[pri:0, instance:test.ContactDeletionTest@1787bc24]" started-at="2025-02-19T12:35:23 IST" name="setUp" finished-at="2025-02-19T12:35:23 IST" duration-ms="353" status="PASS">
          <reporter-output>
          </reporter-output>
        </test-method> <!-- setUp -->
        <test-method signature="testDeleteContactDoesNotAffectOtherContacts()[pri:3, instance:test.ContactDeletionTest@1787bc24]" started-at="2025-02-19T12:35:23 IST" name="testDeleteContactDoesNotAffectOtherContacts" finished-at="2025-02-19T12:35:28 IST" duration-ms="4906" status="PASS">
          <reporter-output>
          </reporter-output>
        </test-method> <!-- testDeleteContactDoesNotAffectOtherContacts -->
        <test-method is-config="true" signature="close()[pri:0, instance:test.ContactDeletionTest@1787bc24]" started-at="2025-02-19T12:35:28 IST" name="close" finished-at="2025-02-19T12:35:28 IST" duration-ms="84" status="PASS">
          <reporter-output>
          </reporter-output>
        </test-method> <!-- close -->
      </class> <!-- test.ContactDeletionTest -->
      <class name="test.LogoutTest">
        <test-method is-config="true" signature="launchBrowser(java.lang.String,java.lang.String)[pri:0, instance:test.LogoutTest@544d57e]" started-at="2025-02-19T12:35:28 IST" name="launchBrowser" finished-at="2025-02-19T12:35:32 IST" duration-ms="3523" status="PASS">
          <params>
            <param index="0">
              <value>
                <![CDATA[Chrome]]>
              </value>
            </param>
            <param index="1">
              <value>
                <![CDATA[https://thinking-tester-contact-list.herokuapp.com/]]>
              </value>
            </param>
          </params>
          <reporter-output>
          </reporter-output>
        </test-method> <!-- launchBrowser -->
        <test-method is-config="true" signature="setUp()[pri:0, instance:test.LogoutTest@544d57e]" started-at="2025-02-19T12:35:32 IST" name="setUp" finished-at="2025-02-19T12:35:32 IST" duration-ms="341" status="PASS">
          <reporter-output>
          </reporter-output>
        </test-method> <!-- setUp -->
        <test-method signature="testLogoutButtonIsVisible()[pri:1, instance:test.LogoutTest@544d57e]" started-at="2025-02-19T12:35:32 IST" name="testLogoutButtonIsVisible" finished-at="2025-02-19T12:35:33 IST" duration-ms="1046" status="PASS">
          <reporter-output>
          </reporter-output>
        </test-method> <!-- testLogoutButtonIsVisible -->
        <test-method is-config="true" signature="close()[pri:0, instance:test.LogoutTest@544d57e]" started-at="2025-02-19T12:35:33 IST" name="close" finished-at="2025-02-19T12:35:33 IST" duration-ms="104" status="PASS">
          <reporter-output>
          </reporter-output>
        </test-method> <!-- close -->
        <test-method is-config="true" signature="launchBrowser(java.lang.String,java.lang.String)[pri:0, instance:test.LogoutTest@544d57e]" started-at="2025-02-19T12:35:33 IST" name="launchBrowser" finished-at="2025-02-19T12:35:36 IST" duration-ms="2956" status="PASS">
          <params>
            <param index="0">
              <value>
                <![CDATA[Chrome]]>
              </value>
            </param>
            <param index="1">
              <value>
                <![CDATA[https://thinking-tester-contact-list.herokuapp.com/]]>
              </value>
            </param>
          </params>
          <reporter-output>
          </reporter-output>
        </test-method> <!-- launchBrowser -->
        <test-method is-config="true" signature="setUp()[pri:0, instance:test.LogoutTest@544d57e]" started-at="2025-02-19T12:35:36 IST" name="setUp" finished-at="2025-02-19T12:35:37 IST" duration-ms="357" status="PASS">
          <reporter-output>
          </reporter-output>
        </test-method> <!-- setUp -->
        <test-method signature="testLogoutRedirectsToLoginPage()[pri:2, instance:test.LogoutTest@544d57e]" started-at="2025-02-19T12:35:37 IST" name="testLogoutRedirectsToLoginPage" finished-at="2025-02-19T12:35:38 IST" duration-ms="1806" status="PASS">
          <reporter-output>
          </reporter-output>
        </test-method> <!-- testLogoutRedirectsToLoginPage -->
        <test-method is-config="true" signature="close()[pri:0, instance:test.LogoutTest@544d57e]" started-at="2025-02-19T12:35:38 IST" name="close" finished-at="2025-02-19T12:35:39 IST" duration-ms="100" status="PASS">
          <reporter-output>
          </reporter-output>
        </test-method> <!-- close -->
      </class> <!-- test.LogoutTest -->
      <class name="test.ContactsEditingTest">
        <test-method is-config="true" signature="launchBrowser(java.lang.String,java.lang.String)[pri:0, instance:test.ContactsEditingTest@6b6776cb]" started-at="2025-02-19T12:34:06 IST" name="launchBrowser" finished-at="2025-02-19T12:34:09 IST" duration-ms="2893" status="PASS">
          <params>
            <param index="0">
              <value>
                <![CDATA[Chrome]]>
              </value>
            </param>
            <param index="1">
              <value>
                <![CDATA[https://thinking-tester-contact-list.herokuapp.com/]]>
              </value>
            </param>
          </params>
          <reporter-output>
          </reporter-output>
        </test-method> <!-- launchBrowser -->
        <test-method is-config="true" signature="setup()[pri:0, instance:test.ContactsEditingTest@6b6776cb]" started-at="2025-02-19T12:34:09 IST" name="setup" finished-at="2025-02-19T12:34:09 IST" duration-ms="394" status="PASS">
          <reporter-output>
          </reporter-output>
        </test-method> <!-- setup -->
        <test-method signature="testRedirectsToContactDetailsPage()[pri:0, instance:test.ContactsEditingTest@6b6776cb]" started-at="2025-02-19T12:34:09 IST" name="testRedirectsToContactDetailsPage" finished-at="2025-02-19T12:34:12 IST" duration-ms="2070" status="PASS">
          <reporter-output>
          </reporter-output>
        </test-method> <!-- testRedirectsToContactDetailsPage -->
        <test-method is-config="true" signature="close()[pri:0, instance:test.ContactsEditingTest@6b6776cb]" started-at="2025-02-19T12:34:12 IST" name="close" finished-at="2025-02-19T12:34:12 IST" duration-ms="100" status="PASS">
          <reporter-output>
          </reporter-output>
        </test-method> <!-- close -->
        <test-method is-config="true" signature="launchBrowser(java.lang.String,java.lang.String)[pri:0, instance:test.ContactsEditingTest@6b6776cb]" started-at="2025-02-19T12:34:12 IST" name="launchBrowser" finished-at="2025-02-19T12:34:15 IST" duration-ms="3128" status="PASS">
          <params>
            <param index="0">
              <value>
                <![CDATA[Chrome]]>
              </value>
            </param>
            <param index="1">
              <value>
                <![CDATA[https://thinking-tester-contact-list.herokuapp.com/]]>
              </value>
            </param>
          </params>
          <reporter-output>
          </reporter-output>
        </test-method> <!-- launchBrowser -->
        <test-method is-config="true" signature="setup()[pri:0, instance:test.ContactsEditingTest@6b6776cb]" started-at="2025-02-19T12:34:15 IST" name="setup" finished-at="2025-02-19T12:34:15 IST" duration-ms="404" status="PASS">
          <reporter-output>
          </reporter-output>
        </test-method> <!-- setup -->
        <test-method signature="testEditContactDetails()[pri:2, instance:test.ContactsEditingTest@6b6776cb]" started-at="2025-02-19T12:34:15 IST" name="testEditContactDetails" finished-at="2025-02-19T12:34:22 IST" duration-ms="7362" status="PASS">
          <reporter-output>
          </reporter-output>
        </test-method> <!-- testEditContactDetails -->
        <test-method is-config="true" signature="close()[pri:0, instance:test.ContactsEditingTest@6b6776cb]" started-at="2025-02-19T12:34:22 IST" name="close" finished-at="2025-02-19T12:34:23 IST" duration-ms="57" status="PASS">
          <reporter-output>
          </reporter-output>
        </test-method> <!-- close -->
        <test-method is-config="true" signature="launchBrowser(java.lang.String,java.lang.String)[pri:0, instance:test.ContactsEditingTest@6b6776cb]" started-at="2025-02-19T12:34:23 IST" name="launchBrowser" finished-at="2025-02-19T12:34:27 IST" duration-ms="4251" status="PASS">
          <params>
            <param index="0">
              <value>
                <![CDATA[Chrome]]>
              </value>
            </param>
            <param index="1">
              <value>
                <![CDATA[https://thinking-tester-contact-list.herokuapp.com/]]>
              </value>
            </param>
          </params>
          <reporter-output>
          </reporter-output>
        </test-method> <!-- launchBrowser -->
        <test-method is-config="true" signature="setup()[pri:0, instance:test.ContactsEditingTest@6b6776cb]" started-at="2025-02-19T12:34:27 IST" name="setup" finished-at="2025-02-19T12:34:27 IST" duration-ms="357" status="PASS">
          <reporter-output>
          </reporter-output>
        </test-method> <!-- setup -->
        <test-method signature="testFieldChangesDontAffectOtherFields()[pri:3, instance:test.ContactsEditingTest@6b6776cb]" started-at="2025-02-19T12:34:27 IST" name="testFieldChangesDontAffectOtherFields" finished-at="2025-02-19T12:34:34 IST" duration-ms="7125" status="PASS">
          <reporter-output>
          </reporter-output>
        </test-method> <!-- testFieldChangesDontAffectOtherFields -->
        <test-method is-config="true" signature="close()[pri:0, instance:test.ContactsEditingTest@6b6776cb]" started-at="2025-02-19T12:34:34 IST" name="close" finished-at="2025-02-19T12:34:34 IST" duration-ms="94" status="PASS">
          <reporter-output>
          </reporter-output>
        </test-method> <!-- close -->
        <test-method is-config="true" signature="launchBrowser(java.lang.String,java.lang.String)[pri:0, instance:test.ContactsEditingTest@6b6776cb]" started-at="2025-02-19T12:34:34 IST" name="launchBrowser" finished-at="2025-02-19T12:34:38 IST" duration-ms="3442" status="PASS">
          <params>
            <param index="0">
              <value>
                <![CDATA[Chrome]]>
              </value>
            </param>
            <param index="1">
              <value>
                <![CDATA[https://thinking-tester-contact-list.herokuapp.com/]]>
              </value>
            </param>
          </params>
          <reporter-output>
          </reporter-output>
        </test-method> <!-- launchBrowser -->
        <test-method is-config="true" signature="setup()[pri:0, instance:test.ContactsEditingTest@6b6776cb]" started-at="2025-02-19T12:34:38 IST" name="setup" finished-at="2025-02-19T12:34:38 IST" duration-ms="391" status="PASS">
          <reporter-output>
          </reporter-output>
        </test-method> <!-- setup -->
        <test-method signature="verifySaveWithEmptyFields()[pri:4, instance:test.ContactsEditingTest@6b6776cb]" started-at="2025-02-19T12:34:38 IST" name="verifySaveWithEmptyFields" finished-at="2025-02-19T12:34:44 IST" duration-ms="6111" status="PASS">
          <reporter-output>
          </reporter-output>
        </test-method> <!-- verifySaveWithEmptyFields -->
        <test-method is-config="true" signature="close()[pri:0, instance:test.ContactsEditingTest@6b6776cb]" started-at="2025-02-19T12:34:44 IST" name="close" finished-at="2025-02-19T12:34:44 IST" duration-ms="104" status="PASS">
          <reporter-output>
          </reporter-output>
        </test-method> <!-- close -->
      </class> <!-- test.ContactsEditingTest -->
    </test> <!-- ChromeTest -->
  </suite> <!-- Contact List App Suite -->
</testng-results>
